2021-05-06T14:41:13.518Z - normal: Load ~/.CocosCreator/settings.json
2021-05-06T14:41:14.672Z - normal: Initializing Asset Database
2021-05-06T14:41:14.676Z - normal: checking language setting...
2021-05-06T14:41:14.676Z - normal: Language: en
2021-05-06T14:41:15.733Z - success: preview server running at http://localhost:7456
2021-05-06T14:41:15.736Z - success: protocol editor-framework registered
2021-05-06T14:41:15.736Z - success: protocol app registered
2021-05-06T14:41:15.737Z - success: protocol theme registered
2021-05-06T14:41:15.737Z - success: protocol packages registered
2021-05-06T14:41:15.737Z - success: protocol uuid registerred
2021-05-06T14:41:15.737Z - success: protocol db registerred
2021-05-06T14:41:15.737Z - success: protocol thumbnail registerred
2021-05-06T14:41:15.738Z - success: protocol unpack registerred
2021-05-06T14:41:15.738Z - success: protocol disable-commonjs registerred
2021-05-06T14:41:18.733Z - normal: failed to connect login server due to request timeout
2021-05-06T14:41:18.734Z - normal: Check project D:\Cocos\Dart
2021-05-06T14:41:18.736Z - normal: Initializing project D:\Cocos\Dart
2021-05-06T14:41:19.469Z - normal: Initializing Cocos2d
2021-05-06T14:41:21.063Z - normal: Initializing engine extends
2021-05-06T14:41:21.106Z - success: alipay-adapter loaded
2021-05-06T14:41:21.115Z - success: asset-db-debugger loaded
2021-05-06T14:41:21.118Z - success: baidu-adapter loaded
2021-05-06T14:41:21.125Z - success: color-picker loaded
2021-05-06T14:41:21.398Z - success: fb-audience-network loaded
2021-05-06T14:41:21.480Z - success: fb-live-stream loaded
2021-05-06T14:41:21.487Z - success: google-play-instant loaded
2021-05-06T14:41:21.499Z - success: huawei-runtime loaded
2021-05-06T14:41:21.911Z - success: cpk-publish loaded
2021-05-06T14:41:21.912Z - success: jsb-adapter loaded
2021-05-06T14:41:21.923Z - success: oppo-runtime loaded
2021-05-06T14:41:21.929Z - success: package-manager loaded
2021-05-06T14:41:22.159Z - success: qqplay-adapter loaded
2021-05-06T14:41:22.162Z - success: runtime-dev-tools loaded
2021-05-06T14:41:22.168Z - success: sdkbox loaded
2021-05-06T14:41:22.173Z - success: tester loaded
2021-05-06T14:41:22.176Z - success: ui-kit-preview-extra loaded
2021-05-06T14:41:22.179Z - success: ui-kit-preview loaded
2021-05-06T14:41:22.181Z - success: ui-kit loaded
2021-05-06T14:41:22.192Z - success: vivo-runtime loaded
2021-05-06T14:41:22.193Z - success: weapp-adapter loaded
2021-05-06T14:41:22.194Z - success: xiaomi-adapter loaded
2021-05-06T14:41:22.199Z - success: alipay-minigame loaded
2021-05-06T14:41:22.260Z - success: assets loaded
2021-05-06T14:41:22.266Z - success: builder loaded
2021-05-06T14:41:22.775Z - success: cocos-services loaded
2021-05-06T14:41:22.782Z - success: console loaded
2021-05-06T14:41:22.847Z - success: fb-instant-games loaded
2021-05-06T14:41:22.853Z - success: game-window loaded
2021-05-06T14:41:22.856Z - success: google-instant-games loaded
2021-05-06T14:41:22.862Z - success: hierarchy loaded
2021-05-06T14:41:22.866Z - success: inspector loaded
2021-05-06T14:41:22.867Z - success: keystore loaded
2021-05-06T14:41:22.875Z - success: node-library loaded
2021-05-06T14:41:22.877Z - success: package-asset loaded
2021-05-06T14:41:22.880Z - success: preferences loaded
2021-05-06T14:41:22.882Z - success: project-exporter loaded
2021-05-06T14:41:22.885Z - success: project-importer loaded
2021-05-06T14:41:22.890Z - success: project-settings loaded
2021-05-06T14:41:22.895Z - success: scene loaded
2021-05-06T14:41:22.897Z - success: simulator-debugger loaded
2021-05-06T14:41:22.899Z - success: sprite-editor loaded
2021-05-06T14:41:22.910Z - success: store loaded
2021-05-06T14:41:22.918Z - success: timeline loaded
2021-05-06T14:41:22.926Z - success: xiaomi-runtime loaded
2021-05-06T14:41:24.450Z - normal: Loading packages
2021-05-06T14:41:24.461Z - normal: Watching packages
2021-05-06T14:41:25.426Z - normal: Run Application
2021-05-06T14:41:26.703Z - info: Cocos Services load base data!
2021-05-06T14:41:32.551Z - info: shutdown preview server
